<?xml version="1.0" encoding="UTF-8"?>
<testng-results ignored="0" total="1" passed="1" failed="0" skipped="0">
  <reporter-output>
  </reporter-output>
  <suite started-at="2022-01-14T21:27:22 IST" name="Default suite" finished-at="2022-01-14T21:27:39 IST" duration-ms="17168">
    <groups>
    </groups>
    <test started-at="2022-01-14T21:27:22 IST" name="Default test" finished-at="2022-01-14T21:27:39 IST" duration-ms="17168">
      <class name="edu.learning.Myntra">
        <test-method signature="driver()[pri:0, instance:edu.learning.Myntra@3cebbb30]" started-at="2022-01-14T21:27:22 IST" name="driver" finished-at="2022-01-14T21:27:39 IST" duration-ms="17102" status="PASS">
          <reporter-output>
          </reporter-output>
        </test-method> <!-- driver -->
      </class> <!-- edu.learning.Myntra -->
    </test> <!-- Default test -->
  </suite> <!-- Default suite -->
</testng-results>
